[  0.00000Intializing cgroup subsys put
[   0.000000] Initializing cgroup subsys cpu
[    0.000000] Initializing cgroup subsys cpuacct
[    0.000000] Linux version 4.4.0-119-generic (buildd@lcy01-amd64-013) (gcc version 5.4.0 20160609 (Ubuntu 5.4.0-6ubuntu1~16.04.9) ) #143-Ubuntu SMP Mon Apr 2 16:08:24 UTC 18(Ubnt4..0-9.3-geneic.4.114
  0.00000 Comand line BT_MAGE=/boot/vmlinuz-4.4.0-119geric root=UIbca2de6e-f774-4203-a05-e8deeb0564 rocool=tty1 onle=ttyS0
[  0000000] KENEsupportd cpus:
[    0.000000]   Intel GenuineIntel
[    0.000000]   AMD AuthenticAMD
[    0.000000]   Centaur CentaurHauls
[    0.000000] x86/fpu: xstate_offset[2]:  576, xstate_sies[2]:  256
[   0.000000]x86/fpu: Supprtg XSVE feature 0x01: 'x87 floating point registers'
[    0.000000] x86/fpu: Supporting XSAVE feature 0x02: 'SSE registers'
[    0.000000] x86/fpu: Supporting XSAVE feature 0x04: 'AV risters'
[    0.000000] x86/fpu: Enabled xstate features 0x7, context size is 832 bytes, using 'standard' format.
[    0.00000] x86/fpu: Using 'lazy' FPU cotex stces.
[    .0000] e820: BIOS-provided physical RAM map:
[    0.000000] BIOS-e820: [mem 0x0000000000000000-0x000000000009fbf] usale
[    0.000]BIOS-e20[mm 0x000000009fc00-0000000000ff resered[    0.000]BIO-e0:[mem 0x00000000000-00000000fff] reserved
[    0.000000] BIOS-e820: [mem 0x0000000000100000-0x00000003ffffff ubl
  0.0000] BIOS-e820: [mem 0x000000003fff0000-0x000000003fffffff] ACPI data
[    0.000000] BIOS-e820: [mem 0x00000000fec00000-0x00000000fec00fff] reserved
[    0.00000]IOS-e20[mm 0000000fee00-0x0000000fe0ff] esved
[    0.000000] BIOS-e80: [mm 0x000000fff00-0000000ffffff]esved[  0.00000]X Executeisle) precon: ati
    .000] SMIO2.5 present.
[    0.000000] Hypervisor detected: KVM
[    0.000000] e820: last_pfn = 0x3fff0 max_arch_pfn = 0x40000000
[    0.000000] MTRR: Disabled
[    .00000] x8PA MTRRs disabled, skipping PAT initialization too.
[    0.000000]PU MTRRs all blank - virtualized system.
[    0.000000] x86/PAT: Configuration [0-7]: WB  WT  UC- UC  WB  WT  UC- UC  
[    0.000000] found SMP MP-table at [mem 0x0009fff0-0x0009ffff] mapped at [ffff88000009fff0]
[    0.000000] Scanning 1 areas for low memory corruption
[    0.000000] RAMDISK: [mem 0x36202000-0x370f8fff]
[    0.000000] ACPI: Early table checksum verification disabled
[    0.000000] ACPI: RSDP 0x00000000000E0000 000024 (v02 VBOX  )
[    0.000000] ACPI: XSDT 0x000000003FFF0030 00003C (v01 VBOX   VBOXXSDT 00000001 ASL  00000061)
[    0.000000] ACPI: FACP 0x000000003FFF00F0 0000F4 (v04 VBOX   VBOXFACP 00000001 ASL  00000061)
[    0.000000] ACPI: DSDT 0x000000003FFF0470 0021FF (v02 VBOX   VBOXBIOS 00000002 INTL 20100528)
[    0.000000] ACPI: FACS 0x000000003FFF0200 000040
[    0.00000] PI FACS 0x000003FFF0200 00040
  0.0000] AI:API0x0000003FFF020 00005C (v02 VBOX   VBOXAPIC 00000001 ASL  00000061)
[    0.000000] ACPI: SSDT 0x000000003FFF02A0 0001CC (v01 VBOX   VBOXCPUT 00000002 INTL 20100528)
[    0.000000] No NUMA configuration fnd
[    0.000000] Faking a node at [mem 0x0000000000000000-0x000000003ffeffff]
[    0.000000] NODE_DATA(0) allocated [mem 0x3ffeb0-0ffeffff]
[    0.000000] kvm-clock: Using msrs 4b564d01 and 4b564d00
[    0.000000] kvm-clock: cpu 0, msr 0:3ffe3001, primary cpu clock
[    0.000000] kvm-clock: using sched offset of 3462466508 cycles
[    0.000000] clocksource: kvm-clock: mask: 0xffffffffffffffff max_cycles: 0x1cd42e4dffb, max_idle_ns: 881590591483 ns
[    0.000000] Zone ranges:
[    0.000000]   DMA      [mem 0x0000000000001000-0x0000000000ffffff]
[    0.000000]   DMA32    [mem 0x0000000001000000-0x000000003ffeffff]
[    0.000000]   Normal   empty
[    0.000000]   Device   emty
[    0.000000] Movable zone start for each node
[    0.000000] Early memory node ranges
[    0.000000]   node   0: [mem 0x0000000000001000-0x000000009eff]
[   0.000000]   node   0: [mem 0x0000000000100000-0x000000003ffeffff]
[    0.000000] Initmem setup node 0 [mem 0x0000000000001000-0x000000003ffeffff]
[    0.000000] ACPI: PM-Timer IO Port: 0x4008
[    0.000000] IOAPIC[0]: apic_i 2 vesi 3, addes0xec0000, I 0-23
[    0.000000]ACPI: INT_SRC_OVR (bus 0 bus_irq 0 global_irq 2 dfl dfl)
[    0.000000] ACPI: INT_SRC_OVR (bus 0 bus_irq 9 global_irq 9 low level)
[    0.000000] Using ACPI (MADT) for SMP configuration information
[    0.000000] smpboot: Allowig 2 CPUs, 0 holu CPUs
[    0.0000 PM: Regiterednoaveemy: [mem 0x00000000-0x00000fff]
[    0.000000] PM: Registered nosave memory: [mem 0x0009000x009fff
[   0.000]PM: Regted noavmeory: [mem0x0a000-0x00eff]
[   00000 P Rgisered nosave memory: [mem 0x00f00-0x00fff
[  000000] e820: [mem 0x40000000-0xfebfffff] available fo P devices[   0.000000] Boing arvirtualized kernel on KVM
[    0.000000] clocksource: refined-jiffies: mask: 0xffffffff max_cycles: 0xffffffff,max_idle_ns: 764519600111568ns
[   0.0000 sup_percpu: NR_CPUS:512 nr_cpumask_bits:512 nr_cpu_ids:2 nr_node_ids:1
[    0.000000] PERCPU: Embedded 34 pages/cpu @ffff88003fc00000 s99544 r8192 d31528 u1048576
[    0.000000] PV qspinlock hash table entries: 256 (order: 0, 4096 bytes)
[    0.000000] Built 1 zonelists in Node order, mobility grouping o. otal ge: 2591
[   0.000]Policy zon: A3
[   .00000]Keelcomanlie: BOOT_IMAE=oot/vmlnuz-4.4.0-119-generic root=UUID=bca2de6e-f774-4203-ae05-e8deeb05f64a ro console=tty1 console=ttyS0
[    0.000000] PID hash table entries: 4096 (order: 3, 32768 bytes)
[    0.000000] Memory: 997200K/1048120K available (8532K kernel code, 1313K rwdata,396K rodta158Kin, 316K bs, 920K reserved, 0K mareserved
[    0.000] SLUB HWalign=64, Order=0-3, MinObjects=0, CPUs=2, Nodes=1
[    0.000000] Kernel/User page tables isolation: enabled
[    0.000000 Hierarchical RCU implementation.
[    0.000000] 	Build-time adjustment of leaf fanout to 64.
[    0.000000] 	RCU restricting CPUs from NR_CPUS=512 to nr_cpu_ids=2.
[    0.000000] RCU: Adjusting geometry for rcu_fanout_leaf=64, nr_cpu_ids=2
[    0.000000] NR_IRQS:33024 nr_irqs:440 16
[    0.000000] Console: colour VGA+ 80x2
[    0.00000 console [tt] naled
[  000000] nsle [ttyS] enabled
[    0.000000] tsc: Detected 2699.998 MHz processor
[    6.825511] Calibrating delay lop(skipped) preset value.. 5399.99 BogoMIPS (lpj=10799992)
[    6.879493] pid_max: default: 32768 minimum: 301
[    6.914024] ACPI: Core revision 20150930
[    6.915951] ACPI: 2 ACPI AML tables successfully acquired and loaded
[    6.919302] Security Framework initialized
[    6.920428] Yama: becoming mindful.
[    6.921410] AppArmor: AppArmor initialized
[    6.922568] Dentry cache hash table entries: 131072 (order: 8, 1048576 bytes)
[    6.926739] Inode-cache hash table entries: 65536 (order: 7, 524288 bytes)
[    7.033220] Mount-cache hash table entries: 2048 (order: 2, 16384 bytes)
[    7.140919] Mountpoint-cache hash table entries: 2048 (order: 2, 16384 bytes)
[    7.186253] Initializing cgroup subsys io
[    7.253491] Initializing cgroup subsys memory
[    7.309095] Initializing cgroup subsys devices
[    7.339481] Initializing cgroup subsys freezer
[    7.340948] Initializing cgroup subsys net_cls
[    7.421309] Initializing cgroup subsys perf_event
[    7.465213] Initializing cgroup subsys net_prio
[    7.502086] Initializing cgroup subsys hugetlb
[    7.514209] Initializing cgroup subsys pids
[    7.518263] CPU: Physical Processor ID: 0
[    7.574485] CPU: Processor Core ID: 0
[    7.589171] FEATURE SPEC_CTRL Not Present
[    7.594108] mce: CPU supports 0 MCE banks
[    7.599276] Last level iTLB entries: 4KB 64, 2MB 8, 4MB 8
[    7.610273] Last level dTLB entries: 4KB 64, 2MB 0, 4MB 0, 1GB 4
[    7.611887] Spectre V2 mitigation: Mitigation: Full generic retpoline
[    7.617661] Spectre V2 mitigation: Speculation control IBPB not-supported IBRS not-supported
[    7.632074] Freeing SMP alternatives memory: 32K
[    7.643433] ftrace: allocating 32195 entries in 126 pages
[    7.731213] smpboot: APIC(0) Converting physical 0 to logical package 0
[    7.750341] smpboot: Max logical packages: 1
[    7.761101] x2apic enabled
[    7.773596] Switched APIC routing to physical x2apic.
[    7.779979] ..TIMER: vector=0x30 apic1=0 pin1=2 apic2=-1 pin2=-1
[   7.892764] smpboot: CPU0: Intel(R) Core(TM) i5-5257U CPU @ 2.70GHz (family: 0x6, model: 0x3d, stepping: 0x4)
[    7.951318] Performance Events: unsupported p6 CPU model 61 no PMU driver, software events only.
[    7.953868] KVM setup paravirtual spinlock
[    7.956457] x86: Booting SMP configuration:
[    7.958120] .... node  #0, CPUs:      #1
[    7.959427] kvm-clock: cpu 1, msr 0:3ffe3041, secondary cpu clock
[    7.972426] mce: CPU supports 0 MCE banks
[    7.989542] x86: Booted up 1 node, 2 CPUs
[    7.990986] smpboot: Total of 2 processors activated (10799.99 BogoMIPS)
[    7.995809] devtmpfs: initialized
[    7.999604] evm: security.selinux
[    8.001810] evm: security.SMACK64
[    8.002762] evm: security.SMACK64EXEC
[    8.003834] evm: security.SMACK64TRANSMUTE
[    8.005427] evm: security.SMACK64MMAP
[    8.022072] evm: security.ima
[    8.023020] evm: security.capability
[    8.024332] clocksource: jiffies: mask: 0xffffffff max_cycles: 0xffffffff, max_idle_ns: 7645041785100000 ns
[    8.028268] futex hash table entries: 512 (order: 3, 32768 bytes)
[    8.032708] pinctrl core: initialized pinctrl subsystem
[    8.035741] RTC time: 22:31:57, date: 04/09/18
[    8.046549] NET: Registered protocol family 16
[    8.056915] cpuidle: using governor ladder
[    8.069243] cpuidle: using governor menu
[    8.084635] PCCT header not found.
[    8.089505] ACPI: bus type PCI registered
[    8.090599] acpiphp: ACPI Hot Plug PCI Controller Driver version: 0.5
[    8.092318] PCI: Using configuration type 1 for base access
[    8.110039] ACPI: Added _OSI(Module Device)
[    8.115074] ACPI: Added _OSI(Processor Device)
[    8.121913] ACPI: Added _OSI(3.0 _SCP Extensions)
[    8.123153] ACPI: Added _OSI(Processor Aggregator Device)
[    8.125433] ACPI: Executed 1 blocks of module-level executable AML code
[    8.129736] ACPI: Interpreter enabled
[    8.137081] ACPI: (supports S0 S5)
[    8.138097] ACPI: Using IOAPIC for interrupt routing
[    8.139624] PCI: Using host bridge windows from ACPI; if necessary, use "pci=nocrs" and report a bug
[    8.154393] ACPI: PCI Root Bridge [PCI0] (domain 0000 [bus 00-ff])
[    8.156103] acpi PNP0A03:00: _OSC: OS supports [ASPM ClockPM Segments MSI]
[    8.157941] acpi PNP0A03:00: _OSC: not requesting OS control; OS requires [ExtendedConfig ASPM ClockPM MSI]
[    8.161823] acpi PNP0A03:00: fail to add MMCONFIG information, can't access extended PCI configuration space under this bridge.
[    8.172033] PCI host bridge to bus 0000:00
[    8.174289] pci_bus 0000:00: root bus resource [io  0x0000-0x0cf7 window]
[    8.176132] pci_bus 0000:00: root bus resource [io  0x0d00-0xffff window]
[    8.179966] pci_bus 0000:00: root bus resource [mem 0x000a0000-0x000bffff window]
[    8.189546] pci_bus 0000:00: root bus resource [mem 0x40000000-0xfdffffff window]
[    8.219476] pci_bus 0000:00: root bus resource [bus 00-ff]
[    8.265772] pci 0000:00:01.1: legacy IDE quirk: reg 0x10: [io  0x01f0-0x01f7]
[    8.275607] pci 0000:00:01.1: legacy IDE quirk: reg 0x14: [io  0x03f6]
[    8.283251] pci 0000:00:01.1: legacy IDE quirk: reg 0x18: [io  0x0170-0x0177]
[    8.303786] pci 0000:00:01.1: legacy IDE quirk: reg 0x1c: [io  0x0376]
[    8.328302] pci 0000:00:07.0: quirk: [io  0x4000-0x403f] claimed by PIIX4 ACPI
[    8.337385] pci 0000:00:07.0: quirk: [io  0x4100-0x410f] claimed by PIIX4 SMB
[    8.363214] ACPI: PCI Interrupt Link [LNKA] (IRQs 5 9 10 *11)
[    8.372521] ACPI: PCI Interrupt Link [LNKB] (IRQs 5 9 *10 11)
[    8.382123] ACPI: PCI Interrupt Link [LNKC] (IRQs 5 *9 10 11)
[    8.384150] ACPI: PCI Interrupt Link [LNKD] (IRQs 5 9 10 *11)
[    8.395140] ACPI: Enabled 2 GPEs in block 00 to 07
[    8.414005] vgaarb: setting as boot device: PCI:0000:00:02.0
[    8.415453] vgaarb: device added: PCI:0000:00:02.0,decodes=io+mem,owns=io+mem,locks=none
[    8.417670] vgaarb: loaded
[    8.422451] vgaarb: bridge control possible 0000:00:02.0
[    8.424054] SCSI subsystem initialized
[    8.425224] ACPI: bus type USB registered
[    8.437032] usbcore: registered new interface driver usbfs
[    8.438428] usbcore: registered new interface driver hub
[    8.457808] usbcore: registered new device driver usb
[    8.464020] PCI: Using ACPI for IRQ routing
[    8.470319] NetLabel: Initializing
[    8.471275] NetLabel:  domain hash size = 128
[    8.472424] NetLabel:  protocols = UNLABELED CIPSOv4
[    8.480467] NetLabel:  unlabeled traffic allowed by default
[    8.494164] amd_nb: Cannot enumerate AMD northbridges
[    8.495492] clocksource: Switched to clocksource kvm-clock
[    8.511100] AppArmor: AppArmor Filesystem Enabled
[    820350] pnp: PnP ACPI init
[   .500 p: PnP ACPI: found 3 devices

[   8.802510clocksource: acpi_pm: mask: 0xffffff max_cycles: 0xffffff, max_idle_ns: 2085701024 n
[    9.2680 N: gistered protocol family 2

[    9.210130] TCP established hash table entries: 8192 (order: 4, 65536 bytes)
[   218629] TCP bind hash table entries: 8192 (order: 5, 131072 bytes)
[    9.293269] TCP: Hash tables configured (established 8192 bind 8192)
[   9.295222] UDP hash table entries: 512 (order: 2, 16384 bytes)
[    9.321248] UDP-Lite hash table entries: 512 (order: 2, 16384 bytes)
[   3280NET: Registered protocol family 1
[    9.486955] pci 0000:00:00.0: Limiting direct PCI/PCI transfers
[    9.488480] pci 0000:00:01.0: Activating ISA DMA hang workarounds
[    9.490132] Unpacking initramfs...

[    9.735760] Freeing initrd memory: 15324K
[    9.776175] RAPL PMU detected, API unit is 2^-32 Joules, 4 fixed counters 10737418240 ms ovfl timer
[    9.787180] hw unit of domain pp0-core 2^-0 Joules
[    9.796984] hw unit of domain package 2^-0 Joules
[    9.810257] hw unit of domain dram 2^-0 Joules
[    9.828934] hw unit of domain pp1-gpu 2^-0 Joules
[    9.880866] platform rtc_cmos: registered platform RTC device (no PNP device found)
[    9.882965] Scanning for low memory corruption every 60 seconds
[    9.919838] audit: initializing netlink subsys (disabled)
[    9.957386] audit: type=2000 audit(1523313116.400:1): initialized
[    9.968904] Initialise system trusted keyring
[    9.970556] HugeTLB registered 2 MB page size, pre-allocated 0 pages
[   0.029691] zbud: loaded

[   10.0610] FS Disk quotas dquot_6.6.0
[   10.194338] VFS: Dquot-cache hashtaleenri: 2 order 0, 4096 bytes)
[  1.4882] uashfs: version 4.0 (2009/01/31) Phillip Lougher

[   10.602886] fuse init (API version 7.23)
[   10.604168] Key type big_key registered
[  1.628] Allocating IMA MOK and blacklist keyrings.

[   10.744160] Key type asymmetric registered
[   10.770053] Asymmetric key parser 'x509' registered
[   10.780845] Block layer SCSI generic (bsg) driver version 0.4 loaded (major 249)
[   10.782937] io scheduler noop registered
[   10.821169] io scheduler deadline registered (default)
[   10.833880] io scheduler cfq registered
[   0.356]pc_htpg:CIHot Plug PCI Core vrsion 0
[   11.23538] tsc: Refined TSC clocksource calibration: 2699.809 z
[   11.421] clocksource: tsc: mask: 0xffffffffffffffff max_cycles: 0x26ea8a28e3b, max_idle_ns: 440795278236 ns

[   11.343079] pciehp: PCI Express Hot Pugontroerrir rsn:.4
[   11.343426] ACPI: ACAdte[A (f-ne

[   11.343475] input: Pwer Bttn  /evices/LNXSYSTM:00LNXPWRN:/iput/input0
[   11.343477] ACPI: Power Button [PWRF]
[   11.343568] input: Sleep Button as /devices/LNXSYSTM:00/LNXSLPBN:00/input/input1
[   11.343569] ACPI: Sleep Button [SLPF]
[   11.425534] GHES: HEST is not enabled!
[   11.426708] ACPI: Battery Slot [BAT0] (battery present)
[   11.859550] Serial: 8250/16550 driver, 32 ports, IRQ sharing enabled
[   12.198157] 00:02: ttyS0 at I/O 0x3f8 (irq = 4, base_baud = 115200) is a 16550A
[   12.529934] Linux agpgart interface v0.103
[   12.548592] loop: module loaded
[   12.549152] scsi host0: ata_piix
[   12.549201] scsi host1: ata_piix
[   12.549228] ata1: PATA max UDMA/33 cmd 0x1f0 ctl 0x3f6 bmdma 0xd000 irq 14
[   12.549229] ata2: PATA max UDMA/33 cmd 0x170 ctl 0x376 bmdma 0xd008 irq 15
[   12.549294] libphy: Fixed MDIO Bus: probed
[   12.549297] tun: Universal TUN/TAP device driver, 1.6
[   12.549297] tun: (C) 1999-2004 Max Krasnyansky <maxk@qualcomm.com>
[   12.549595] PPP generic driver version 2.4.2
[   12.549644] ehci_hcd: USB 2.0 'Enhanced' Host Controller (EHCI) Driver
[   12.549648] ehci-pci: EHCI PCI platform driver
[   12.549663] ehci-platform: EHCI generic platform driver
[   12.549670] ohci_hcd: USB 1.1 'Open' Host Controller (OHCI) Driver
[   12.549673] ohci-pci: OHCI PCI platform driver
[   12.549681] ohci-platform: OHCI generic platform driver
[   12.549687] uhci_hcd: USB Universal Host Controller Interface driver
[   12.549737] i8042: PNP: PS/2 Controller [PNP0303:PS2K,PNP0f03:PS2M] at 0x60,0x64 irq 1,12
[   12.562793] serio: i8042 KBD port at 0x60,0x64 irq 1
[   12.562799] serio: i8042 AUX port at 0x60,0x64 irq 12
[   12.562926] mousedev: PS/2 mouse device common for all mice
[   12.563215] rtc_cmos rtc_cmos: rtc core: registered rtc_cmos as rtc0
[   12.563265] rtc_cmos rtc_cmos: alarms up to one day, 114 bytes nvram
[   12.563271] i2c /dev entries driver
[   12.563324] device-mapper: uevent: version 1.0.3
[   12.563369] device-mapper: ioctl: 4.34.0-ioctl (2015-10-28) initialised: dm-devel@redhat.com
[   12.563389] ledtrig-cpu: registered to indicate activity on CPUs
[   12.563769] NET: Registered protocol family 10
[   12.563901] NET: Registered protocol family 17
[   12.563909] Key type dns_resolver registered
[   12.564112] registered taskstats version 1
[   12.564125] Loading compiled-in X.509 certificates
[   12.564678] Loaded X.509 cert 'Build time autogenerated kernel key: f854e06633b5f496ced5b2e02c7b14f761b69302'
[   12.564691] zswap: loaded using pool lzo/zbud
[   12.566432] Key type trusted registered
[   12.569066] Key type encrypted registered
[   12.569072] AppArmor: AppArmor sha1 policy hashing enabled
[   12.569075] ima: No TPM chip found, activating TPM-bypass!
[   12.569093] evm: HMAC attrs: 0x1
[   12.569443]   Magic number: 14:475:552
[   12.569445]   hash matches /build/linux-4WcAio/linux-4.4.0/drivers/base/power/main.c:740
[   12.569458] tty ttyS28: hash matches
[   12.569474] acpi PNP0C0F:03: hash matches
[   12.572846] rtc_cmos rtc_cmos: setting system clock to 2018-04-09 22:32:02 UTC (1523313122)
[   12.572999] BIOS EDD facility v0.16 2004-Jun-25, 0 devices found
[   12.572999] EDD information not available.
[   12.716122] input: AT Translated Set 2 keyboard as /devices/platform/i8042/serio0/input/input2
[   13.969796] Freeing unused kernel memory: 1508K
[   13.996801] Write protecting the kernel read-only data: 14336k
[   14.029170] Freeing unused kernel memory: 1696K
[   14.075824] Freeing unused kernel memory: 100K
Loading, please [   14.178661] random: systemd-udevd: uninitialized urandom read (16 bytes read, 7 bits of entropy available)
wait...
startin[   14.179315] random: udevadm: uninitialized urandom read (16 bytes read, 7 bits of entropy available)
g version 229
[   14.179341] random: udevadm: uninitialized urandom read (16 bytes read, 7 bits of entropy available)
[   14.186670] random: udevadm: uninitialized urandom read (16 bytes read, 7 bits of entropy available)
[   14.186710] random: udevadm: uninitialized urandom read (16 bytes read, 7 bits of entropy available)
[   14.186826] random: udevadm: uninitialized urandom read (16 bytes read, 7 bits of entropy available)
[   14.186868] random: udevadm: uninitialized urandom read (16 bytes read, 7 bits of entropy available)
[   14.186909] random: udevadm: uninitialized urandom read (16 bytes read, 7 bits of entropy available)
[   14.186951] random: udevadm: uninitialized urandom read (16 bytes read, 7 bits of entropy available)
[   14.186993] random: udevadm: uninitialized urandom read (16 bytes read, 7 bits of entropy available)
[   14.710038] Fusion MPT base driver 3.04.20
[   14.712691] Copyright (c) 1999-2008 LSI Corporation
[   14.714229] e1000: Intel(R) PRO/1000 Network Driver - version 7.3.21-k8-NAPI
[   14.716100] e1000: Copyright (c) 1999-2006 Intel Corporation.
[   14.750046] AVX2 version of gcm_enc/dec engaged.
[   14.757606] AES CTR mode by8 optimization enabled
[   14.787169] Fusion MPT SPI Host driver 3.04.20
[   14.937170] input: ImExPS/2 Generic Explorer Mouse as /devices/platform/i8042/serio1/input/input4
[   15.159039] e1000 0000:00:03.0 eth0: (PCI:33MHz:32-bit) 02:d9:fe:34:b4:72
[   15.244414] e1000 0000:00:03.0 eth0: Intel(R) PRO/1000 Network Connection
[   15.302304] mptbase: ioc0: Initiating bringup
[   15.861471] e1000 0000:00:03.0 enp0s3: renamed from eth0
[   16.158089] ioc0: LSI53C1030 A0: Capabilities={Initiator}
[   17.041182] scsi host2: ioc0: LSI53C1030 A0, FwRev=00000000h, Ports=1, MaxQ=256, IRQ=20
[   17.809937] floppy0: no floppy controllers found
[   17.848715] scsi 2:0:0:0: Direct-Access     VBOX     HARDDISK         1.0  PQ: 0 ANSI: 5
[   17.868164] scsi target2:0:0: Beginning Domain Validation
[   17.933344] scsi target2:0:0: Domain Validation skipping write tests
[   17.997236] scsi target2:0:0: Ending Domain Validation
[   17.998704] scsi target2:0:0: asynchronous
[   18.016505] scsi 2:0:1:0: Direct-Access     VBOX     HARDDISK         1.0  PQ: 0 ANSI: 5
[   18.077987] scsi target2:0:1: Beginning Domain Validation
[   18.144729] scsi target2:0:1: Domain Validation skipping write tests
[   18.148047] scsi target2:0:1: Ending Domain Validation
[   18.150935] scsi target2:0:1: asynchronous
[   18.166505] sd 2:0:0:0: Attached scsi generic sg0 type 0
[   18.166703] sd 2:0:0:0: [sda] 20971520 512-byte logical blocks: (10.7 GB/10.0 GiB)
[   18.166899] sd 2:0:0:0: [sda] Write Protect is off
[   18.167041] sd 2:0:0:0: [sda] Incomplete mode parameter data
[   18.167042] sd 2:0:0:0: [sda] Assuming drive cache: write through
[   18.168952]  sda: sda1
[   18.169748] sd 2:0:0:0: [sda] Attached SCSI disk
[   18.549068] sd 2:0:1:0: Attached scsi generic sg1 type 0
[   18.549226] sd 2:0:1:0: [sdb] 20480 512-byte logical blocks: (10.5 MB/10.0 MiB)
[   18.549376] sd 2:0:1:0: [sdb] Write Protect is off
[   18.549471] sd 2:0:1:0: [sdb] Incomplete mode parameter data
[   18.549473] sd 2:0:1:0: [sdb] Assuming drive cache: write through
[   18.551369] sd 2:0:1:0: [sdb] Attached SCSI disk
Begin: Loading e[   20.270170] md: linear personality registered for level -1
ssential drivers ... [   20.362995] md: multipath personality registered for level -4
[   20.482347] md: raid0 personality registered for level 0
[   20.542359] md: raid1 personality registered for level 1
[   20.659513] raid6: sse2x1   gen()  9488 MB/s
[   20.759732] raid6: sse2x1   xor()  7269 MB/s
[   20.864035] raid6: sse2x2   gen() 12003 MB/s
[   20.979714] raid6: sse2x2   xor()  8039 MB/s
[   21.087780] raid6: sse2x4   gen() 13663 MB/s
[   21.187661] raid6: sse2x4   xor()  7235 MB/s
[   21.299779] raid6: avx2x1   gen() 18234 MB/s
[   21.407657] raid6: avx2x2   gen() 21502 MB/s
[   21.527690] raid6: avx2x4   gen() 23399 MB/s
[   21.564431] raid6: using algorithm avx2x4 gen() 23399 MB/s
[   21.617917] raid6: using avx2x2 recovery algorithm
[   21.620802] xor: automatically using best checksumming function:
[   21.785786]    avx       : 27001.000 MB/sec
[   21.858552] async_tx: api initialized (async)
[   21.912953] md: raid6 personality registered for level 6
[   21.956876] md: raid5 personality registered for level 5
[   22.005129] md: raid4 personality registered for level 4
[   22.058090] md: raid10 personality registered for level 10
done.
Begin: Running /scripts/init-p[   22.116983] Btrfs loaded
remount ... done.
Begin: Mounting root file system ... Begin: Running /scripts/local-top ... done.
Begin: Running /scripts/local-premount ... Scanning for Btrfs filesystems
done.
Warning: fsck no[   22.193666] EXT4-fs (sda1): INFO: recovery required on readonly filesystem
t present, so sk[   22.257971] EXT4-fs (sda1): write access will be enabled during recovery
ipping root file system
[   22.447923] EXT4-fs (sda1): orphan cleanup on readonly fs
[   22.449520] EXT4-fs (sda1): 6 orphan inodes deleted
[   22.450772] EXT4-fs (sda1): recovery complete
[   22.499238] EXT4-fs (sda1): mounted filesystem with ordered data mode. Opts: (null)
done.
Begin: Running /scripts/local-bottom ... done.
Begin: Running /scripts/init-bottom ... done.
[   22.680] stemd[1] ste 229 running in system mode. (+PAM +AUDIT +SELINUX +IMA +APPARMOR +SMACK +SYSVINIT +UTMP +LIBCRYPTSETUP +GCRYPT +GNUTLS +ACL +XZ -LZ4 +SECCOMP +BLKID +ELFUTILS +KMOD -IDN)
[   22.993588] systemd[1]: Detected virtualization oracle.
[   22.994937] systemd[1]: Detected architecture x86-64.

Welcome to [1mUbuntu 16.04.4 LTS[0m!

[   23.080387] systemd[1]: Set hostname to <ubuntu-xenial>.
[   23.151042] random: nonblocking pool is initialized
[   23.395132] systemd[1]: Listening on LVM2 metadata daemon socket.
[[0;32m  OK  [0m] Listening on LVM2 metadata daemon socket.
[  2.45611]ysmd]:etp utomount Arbitrary Executable File Formats File System Automount Point.
[[0;32m  OK  [0m] Set up automount Arbitrary Executab...ats File System Automount Point.
[  24.0167 ste[1]: Lstinon Device-mapper event daemon FIFOs.

[[0;32m  OK  [0m] Listening on Device-mapper event daemon FIFOs.
[   24.355173] systemd[1]: Created slice User and Session Slice.
[[0;32m  OK  [0m] Created slice User and Session Slice.
[ 24456268 systemd[]:eaedart stem imSyhrizd.
[[0;32m  OK  [0m] Reached target System Time Synchronized.
[ 25123]ysmd]:isnig on udev onoloct.

[[0;32m  OK  [0m] Listening on udev Control Socket.
[   5.804244]ysmd1]: Reahetarget sean GupamLoup.
[[0;32m  OK  [0m] Reached target User and Group Name Lookups.
[ 26452731] systemd[1]: Listening on Journal Audit Socket.
[[0;32m  OK  [0m] Listening on Journal Audit Socket.
[ 26965] systemd[1]: Started Forar Pswd qusts t Wl Diecry Watch.

[[0;32m  OK  [0m] Started Forward Password Requests to Wall Directory Watch.
[ 27927]ysmd]: Sarted Trigger resolvconf uda for netork DS.
[[0;32m  OK  [0m] Started Trigger resolvconf update for networkd DNS.
[   27.761280] systemd[1]: Created slice System Slice.
[[0;32m  OK  [0m] Created slice System Slice.
[   27.764874] systemd[1]: Created slice system-serial\x2dgetty.slice.
[[0;32m  OK  [0m] Created slice system-serial\x2dgetty.slice.
[   27.8801] ysem[1]:Rehed tageSles.

[[0;32m  OK  [0m] Reached target Slices.
[   28.2133syem1]Litenig on Jorn Ske
[[0;32m  OK  [0m] Listening on Journal Socket.
[   28.759751] systemd[1]: Starting Monitoring of LVM2 mirrors, snapshots etc. using dmeventd or progress polling...
         Starting Monitoring of LVM2 mirrors... dmeventd or progress polling...
[   28.895761] systemd[1]: Starting Remount Root and Kernel File Systems...
         Starting Remount Root and Kernel File Systems...
[   28.942444] systemd[1]: Mounting Huge Pages File System...
         Mounting Huge Pages File System...
[   28.953133] systemd[1]: Starting Nameserver information manager...
[   28.965163] EXT4-fs (sda1): re-mounted. Opts: (null)
         Starting Nameserver information manager...
[   28.985036] systemd[1]: Mounting Debug File System...
         Mounting Debug File System...
[   28.996665] systemd[1]: Starting Create list of required static device nodes for the current kernel...
         Starting Create list of required st... nodes for the current kernel...
[   29.021437] systemd[1]: Starting Uncomplicated firewall...
         Starting Uncomplicated firewall...
[   29.040079] systemd[1]: Starting Set console keymap...
         Starting Set console keymap...
[   29.069024] systemd[1]: Listening on /dev/initctl Compatibility Named Pipe.
[[0;32m  OK  [0m] Listening on /dev/initctl Compatibility Named Pipe.
[   29.135920] systemd[1]: Listening on udev Kernel Socket.
[[0;32m  OK  [0m] Listening on udev Kernel Socket.
[   29.172351] systemd[1]: Mounting POSIX Message Queue File System...
         Mounting POSIX Message Queue File System...
[   29.232876] systemd[1]: Listening on LVM2 poll daemon socket.
[[0;32m  OK  [0m] Listening on LVM2 poll daemon socket.
[   29.319762] systemd[1]: Starting Load Kernel Modules...
         Startin[   29.331279] Loading iSCSI transport class v2.0-870.
g Load Kernel Mo[   29.382553] iscsi: registered transport (tcp)
dules...
[   29.397291] systemd[1]: Reached target Encrypted Volumes.
[[0;32m  OK  [0m] Reached target Encrypted Volumes.
[   29.434906] iscsi: registered transport (iser)
[   29.579340] systemd[1]: Listening on Syslog Socket.
[[0;32m  OK  [0m] Listening on Syslog Socket.
[   29.721092] systemd[1]: Reached target Swap.
[[0;32m  OK  [0m] Reached target Swap.
[   29.840319] systemd[1]: Listening on Journal Socket (/dev/log).
[[0;32m  OK  [0m] Listening on Journal Socket (/dev/log).
[   29.940108] systemd[1]: Starting Journal Service...
         Starting Journal Service...
[   29.976900] systemd[1]: Mounted POSIX Message Queue File System.
[[0;32m  OK  [0m] Mounted POSIX Message Queue File System.
[   30.079848] systemd[1]: Mounted Debug File System.
[[0;32m  OK  [0m] Mounted Debug File System.
[   30.084310] systemd[1]: Mounted Huge Pages File System.
[[0;32m  OK  [0m] Mounted Huge Pages File System.
[   30.097101] systemd[1]: Started Journal Service.
[[0;32m  OK  [0m] Started Journal Service.
[[0;32m  OK  [0m] Started Remount Root and Kernel File Systems.
[[0;32m  OK  [0m] Started Create list of required sta...ce nodes for the current kernel.
[[0;32m  OK  [0m] Started Uncomplicated firewall.
[[0;32m  OK  [0m] Started Set console keymap.
[[0;32m  OK  [0m] Started Load Kernel Modules.
[[0;32m  OK  [0m] Started Nameserver information manager.
[[0;32m  OK  [0m] Started LVM2 metadata daemon.
         Mounting FUSE Control File System...
         Starting Apply Kernel Variables...
         Starting Create Static Device Nodes in /dev...
         Starting Initial cloud-init job (pre-networking)...
         Starting udev Coldplug all Devices...
         Starting Load/Save Random Seed...
         Starting Flush Journal to Persistent Storage...
[[0;32m  OK  [0m] Mounted FUSE Control File System.
[[0;32m  OK  [0m] Started Apply Kernel Variables.
[[0;32m  OK  [0m] Started Create Static Device Nodes in /dev.
[[0;32m  OK  [0m] Started Load/Save Random Seed.
[[0;32m  OK  [0m] Started udev Coldplug all Devices.
         Starting udev Kernel Device Manager...
[[0;32m  OK  [0m] Started Flush Journal to Persistent Storage.
[[0;32m  OK  [0m] Started Monitoring of LVM2 mirrors,...ng dmeventd or progress polling.
[[0;32m  OK  [0m] Started udev Kernel Device Manager.
[[0;32m  OK  [0m] Started Dispatch Password Requests to Console Directory Watch.
[[0;32m  OK  [0m] Reached target Local File Systems (Pre).
[[0;32m  OK  [0m] Reached target Local File Systems.
         Starting Tell Plymouth To Write Out Runtime Data...
         Starting Set console font and keymap...
         Starting LSB: AppArmor initialization...
         Starting Create Volatile Files and Directories...
[[0;32m  OK  [0m] Started Tell Plymouth To Write Out Runtime Data.
[[0;32m  OK  [0m] Started Create Volatile Files and Directories.
[[0;32m  OK  [0m] Found device /dev/ttyS0.
         Starting Update UTMP about System Boot/Shutdown...
[[0;32m  OK  [0m] Started Update UTMP about System Boot/Shutdown.
[[0;32m  OK  [0m] Started LSB: AppArmor initialization.
[[0;32m  OK  [0m] Started Set console font and keymap.
[[0;32m  OK  [0m] Found device 82540EM Gigabit Ethern...r (PRO/1000 MT Desktop Adapter).
[[0;32m  OK  [0m] Listening on Load/Save RF Kill Switch Status /dev/rfkill Watch.
[[0;32m  OK  [0m] Created slice system-getty.slice.
[   24.052636] cloud-init[460]: Cloud-init v. 17.2 running 'init-local' at Mon, 09 Apr 2018 22:32:21 +0000. Up 23.76 seconds.
[[0;32m  OK  [0m] Started Initial cloud-init job (pre-networking).
[[0;32m  OK  [0m] Reached target Network (Pre).
[[0;32m  OK  [0m] Started ifup for enp0s3.
         Starting Raise network interfaces...
[[0;32m  OK  [0m] Started Raise network interfaces.
         Starting Initial cloud-init job (metadata service crawler)...
[[0;32m  OK  [0m] Reached target Network.
[   27.416074] cloud-init[974]: Cloud-init v. 17.2 running 'init' at Mon, 09 Apr 2018 22:32:24 +0000. Up 26.92 seconds.
[   27.433041] cloud-init[974]: ci-info: +++++++++++++++++++++++++++++++++++++Net device info++++++++++++++++++++++++++++++++++++++
[   27.472681] cloud-init[974]: ci-info: +--------+------+----------------------------+---------------+-------+-------------------+
[   27.520394] cloud-init[974]: ci-info: | Device |  Up  |          Address           |      Mask     | Scope |     Hw-Address    |
[   27.520871] cloud-init[974]: ci-info: +--------+------+----------------------------+---------------+-------+-------------------+
[[0;32m  OK  [0m] Started Initial cloud-init job (metadata service crawler).
[   27.521107] cloud-init[974]: ci-info: | enp0s3 | True |         10.0.2.15          | 255.255.255.0 |   .   | 02:d9:fe:34:b4:72 |
[   27.844604] cloud-init[974]: ci-info: | enp0s3 | True | fe80::d9:feff:fe34:b472/64 |       .       |  link | 02:d9:fe:34:b4:72 |
[   27.844918] cloud-init[974]: ci-info: |   lo   | True |         127.0.0.1          |   255.0.0.0   |   .   |         .         |
[[0;32m  OK  [0m] Reached target System Initialization.
[[   27.845110] cloud-init[974]: ci-info: |   lo   | True |          ::1/128           |       .       |  host |         .         |
[   27.878921] cloud-init[974]: ci-info: +--------+------+----------------------------+---------------+-------+-------------------+
[   27.879118] cloud-init[974]: ci-info: +++++++++++++++++++++++++++Route IPv4 info++++++++++++++++++++++++++++
[   27.879352] cloud-init[974]: ci-info: +-------+-------------+----------+---------------+-----------+-------+
[   27.879586] cloud-init[974]: ci-info: | Route | Destination | Gateway  |    Genmask    | Interface | Flags |
[0;32m  OK  [0m] Started Daily Cleanup of Temporary Directories.
[[   27.880397] cloud-init[974]: ci-info: +-------+-------------+----------+---------------+-----------+-------+
[   28.062190] cloud-init[974]: ci-info: |   0   |   0.0.0.0   | 10.0.2.2 |    0.0.0.0    |   enp0s3  |   UG  |
[   28.062386] cloud-init[974]: ci-info: |   1   |   10.0.2.0  | 0.0.0.0  | 255.255.255.0 |   enp0s3  |   U   |[0;32m  OK  [0m
] Listening on ACPID Listen Socket.
[   28.063795] cloud-init[974]: ci-info: +-------+-------------+----------+---------------+-----------+-------+
[[0;32m  OK  [0m] Started Daily apt download activities.
         Starting Socket activation for snappy daemon.
[[0;32m  OK  [0m] Started ACPI Events Check.
[[0;32m  OK  [0m] Reached target Paths.
[[0;32m  OK  [0m] Listening on D-Bus System Message Bus Socket.
         Starting LXD - unix socket.
[[0;32m  OK  [0m] Listening on UUID daemon activation socket.
[[0;32m  OK  [0m] Started Timer to automatically refresh installed snaps.
[[0;32m  OK  [0m] Started Daily apt upgrade and clean activities.
[[0;32m  OK  [0m] Reached target Timers.
[[0;32m  OK  [0m] Reached target Cloud-config availability.
[[0;32m  OK  [0m] Reached target Network is Online.
         Starting iSCSI initiator daemon (iscsid)...
[[0;32m  OK  [0m] Listening on Socket activation for snappy daemon.
[[0;32m  OK  [0m] Listening on LXD - unix socket.
[[0;32m  OK  [0m] Reached target Sockets.
[[0;32m  OK  [0m] Reached target Basic System.
[[0;32m  OK  [0m] Started Deferred execution scheduler.
[[0;32m  OK  [0m] Started Unattended Upgrades Shutdown.
[[0;32m  OK  [0m] Started D-Bus System Message Bus.
         Starting LSB: Record successful boot for GRUB...
         Starting System Logging Service...
[[0;32m  OK  [0m] Started Regular background program processing daemon.
         Starting OpenBSD Secure Shell server...
         Starting Snappy daemon...
         Starting MySQL Community Server...
         Starting /etc/rc.local Compatibility...
[[0;32m  OK  [0m] Started FUSE filesystem for LXC.
         Starting Login Service...
         Starting vboxadd.service...
         Starting Apply the settings specified in cloud-config...
         Starting LXD - container startup/shutdown...
         Starting LSB: MD monitoring daemon...
         Starting Accounts Service...
[[0;32m  OK  [0m] Started ACPI event daemon.
[[0;32m  OK  [0m] Started System Logging Service.
[[0;32m  OK  [0m] Started OpenBSD Secure Shell server.
[[0;32m  OK  [0m] Started Snappy daemon.
[[0;32m  OK  [0m] Started iSCSI initiator daemon (iscsid).
[[0;32m  OK  [0m] Started /etc/rc.local Compatibility.
[[0;32m  OK  [0m] Started LXD - container startup/shutdown.
[[0;32m  OK  [0m] Started LSB: Record successful boot for GRUB.
[[0;32m  OK  [0m] Started LSB: MD monitoring daemon.
[[0;32m  OK  [0m] Started Login Service.
         Starting Authenticate and Authorize Users to Run Privileged Tasks...
         Starting Login to default iSCSI targets...
[[0;32m  OK  [0m] Started vboxadd.service.
[[0;32m  OK  [0m] Started Authenticate and Authorize Users to Run Privileged Tasks.
[[0;32m  OK  [0m] Started Accounts Service.
         Starting vboxadd-service.service...
[[0;1;31mFAILED[0m] Failed to start vboxadd-service.service.
See 'systemctl status vboxadd-service.service' for details.
[[0;32m  OK  [0m] Started Login to default iSCSI targets.
[[0;32m  OK  [0m] Reached target Remote File Systems (Pre).
[[0;32m  OK  [0m] Reached target Remote File Systems.
         Starting LSB: Set the CPU Frequency Scaling governor to "ondemand"...
         Starting LSB: Apache2 web server...
         Starting LSB: daemon to balance interrupts for SMP systems...
         Starting Permit User Sessions...
         Starting LSB: automatic crash report generation...
[[0;32m  OK  [0m] Started Permit User Sessions.
         Starting Terminate Plymouth Boot Screen...
         Starting Hold until boot process finishes up...
[[0;32m  OK  [0m] Started LSB: Set the CPU Frequency Scaling governor to "ondemand".
[[0;32m  OK  [0m] Started LSB: daemon to balance interrupts for SMP systems.
[[0;32m  OK  [0m] Started LSB: automatic crash report generation.
[[0;32m  OK  [0m] Started Terminate Plymouth Boot Screen.
[[0;32m  OK  [0m] Started Hold until boot process finishes up.
[[0;32m  OK  [0m] Created slice User Slice of vagrant.
[   30.018300] cloud-init[1081]: Cloud-init v. 17.2 running 'modules:config' at Mon, 09 Apr 2018 22:32:27 +0000. Up 29.81 seconds.
[[0;32m  OK  [0m] Started Getty on tty1.
         Starting Set console scheme...
[[0;32m  OK  [0m] Started Serial Getty on ttyS0.
[[0;32m  OK  [0m] Reached target Login Prompts.
[[0;32m  OK  [0m] Started Set console scheme.
         Starting User Manager for UID 1000...
[[0;32m  OK  [0m] Started Session 1 of user vagrant.
[[0;32m  OK  [0m] Started User Manager for UID 1000.
[[0;32m  OK  [0m] Started Apply the settings specified in cloud-config.
[[0;32m  OK  [0m] Started LSB: Apache2 web server.
[[0;32m  OK  [0m] Started MySQL Community Server.
[[0;32m  OK  [0m] Reached target Multi-User System.
         Starting Execute cloud user/final scripts...
[[0;32m  OK  [0m] Reached target Graphical Interface.
         Starting Update UTMP about System Runlevel Changes...
[[0;32m  OK  [0m] Started Update UTMP about System Runlevel Changes.
[   31.603788] cloud-init[1364]: Cloud-init v. 17.2 running 'modules:final' at Mon, 09 Apr 2018 22:32:29 +0000. Up 31.47 seconds.
[   31.668454] cloud-init[1364]: Cloud-init v. 17.2 finished at Mon, 09 Apr 2018 22:32:29 +0000. Datasource DataSourceNoCloud [seed=/dev/sdb][dsmode=net].  Up 31.59 seconds
[[0;32m  OK  [0m] Started Execute cloud user/final scripts.
[[0;32m  OK  [0m] Reached target Cloud-init target.

Ubuntu 16.04.4 LTS ubuntu-xenial ttyS0

ubuntu-xenial login: 